[0.054s] Invoking command in '/home/jj/tasktown_ws/build/village_operator': CMAKE_PREFIX_PATH=/home/jj/tasktown_ws/install/village_interfaces:/home/jj/tasktown_ws/install/village_taskgroups:/home/jj/tasktown_ws/install/village_task:/home/jj/tasktown_ws/install/village_operator:/opt/ros/foxy /usr/bin/cmake --build /home/jj/tasktown_ws/build/village_operator -- -j4 -l4
[0.149s] [35m[1mScanning dependencies of target operator_node[0m
[0.205s] [ 50%] [32mBuilding CXX object CMakeFiles/operator_node.dir/src/operator.cpp.o[0m
[2.520s] [01m[K/home/jj/tasktown_ws/src/village_operator/src/operator.cpp:[m[K In member function â€˜[01m[Kvoid TaskAssignServer::assignTasks(std::shared_ptr<village_interfaces::srv::TaskAssign_Response_<std::allocator<void> > >)[m[Kâ€™:
[2.520s] [01m[K/home/jj/tasktown_ws/src/village_operator/src/operator.cpp:596:14:[m[K [01;35m[Kwarning: [m[Kunused variable â€˜[01m[KallTasksAssigned[m[Kâ€™ [[01;35m[K-Wunused-variable[m[K]
[2.520s]   596 |         bool [01;35m[KallTasksAssigned[m[K = true; // åˆå§‹åŒ–allTasksAssigned=trueï¼Œè·Ÿè¸ªå¹¶æ ‡è®°æ˜¯å¦æ‰€æœ‰ä»»åŠ¡éƒ½å·²ç»åˆ†é…
[2.520s]       |              [01;35m[K^~~~~~~~~~~~~~~~[m[K
[2.522s] [01m[K/home/jj/tasktown_ws/src/village_operator/src/operator.cpp:884:29:[m[K [01;31m[Kerror: [m[Kvariable or field â€˜[01m[KShow_result[m[Kâ€™ declared void
[2.522s]   884 |     static void Show_result([01;31m[Kglobal_task_sequence[m[K,
[2.523s]       |                             [01;31m[K^~~~~~~~~~~~~~~~~~~~[m[K
[3.349s] [01m[K/home/jj/tasktown_ws/src/village_operator/src/operator.cpp:[m[K At global scope:
[3.350s] [01m[K/home/jj/tasktown_ws/src/village_operator/src/operator.cpp:506:13:[m[K [01;35m[Kwarning: [m[Kâ€˜[01m[Kvoid Show_result(std::vector<std::pair<std::vector<int>, std::vector<std::chrono::time_point<std::chrono::_V2::system_clock, std::chrono::duration<long int, std::ratio<1, 1000000000> > > > > >)[m[Kâ€™ declared â€˜[01m[Kstatic[m[Kâ€™ but never defined [[01;35m[K-Wunused-function[m[K]
[3.350s]   506 | static void [01;35m[KShow_result[m[K(
[3.350s]       |             [01;35m[K^~~~~~~~~~~[m[K
[3.598s] [01m[K/home/jj/tasktown_ws/src/village_operator/src/operator.cpp:1028:13:[m[K [01;35m[Kwarning: [m[Kâ€˜[01m[Kvoid Show_result(std::vector<std::pair<std::vector<int>, std::vector<std::chrono::time_point<std::chrono::_V2::system_clock, std::chrono::duration<long int, std::ratio<1, 1000000000> > > > > >, std::vector<int>, std::vector<std::vector<int> >, std::vector<std::vector<int> >)[m[Kâ€™ defined but not used [[01;35m[K-Wunused-function[m[K]
[3.598s]  1028 | static void [01;35m[KShow_result[m[K(
[3.598s]       |             [01;35m[K^~~~~~~~~~~[m[K
[3.631s] make[2]: *** [CMakeFiles/operator_node.dir/build.make:63ï¼šCMakeFiles/operator_node.dir/src/operator.cpp.o] é”™è¯¯ 1
[3.632s] make[1]: *** [CMakeFiles/Makefile2:78ï¼šCMakeFiles/operator_node.dir/all] é”™è¯¯ 2
[3.632s] make: *** [Makefile:141ï¼šall] é”™è¯¯ 2
[3.638s] Invoked command in '/home/jj/tasktown_ws/build/village_operator' returned '2': CMAKE_PREFIX_PATH=/home/jj/tasktown_ws/install/village_interfaces:/home/jj/tasktown_ws/install/village_taskgroups:/home/jj/tasktown_ws/install/village_task:/home/jj/tasktown_ws/install/village_operator:/opt/ros/foxy /usr/bin/cmake --build /home/jj/tasktown_ws/build/village_operator -- -j4 -l4
