[0.038s] Invoking command in '/home/jj/tasktown_ws/build/village_task': CMAKE_PREFIX_PATH=/home/jj/tasktown_ws/install/village_interfaces:/home/jj/tasktown_ws/install/village_taskgroups:/home/jj/tasktown_ws/install/village_task:/home/jj/tasktown_ws/install/village_operator:/opt/ros/foxy /usr/bin/cmake --build /home/jj/tasktown_ws/build/village_task -- -j2 -l2
[0.183s] [35m[1mScanning dependencies of target task_node[0m
[0.239s] [ 50%] [32mBuilding CXX object CMakeFiles/task_node.dir/src/task.cpp.o[0m
[2.583s] In file included from [01m[K/opt/ros/foxy/include/rclcpp/service.hpp:34[m[K,
[2.583s]                  from [01m[K/opt/ros/foxy/include/rclcpp/callback_group.hpp:25[m[K,
[2.583s]                  from [01m[K/opt/ros/foxy/include/rclcpp/any_executable.hpp:20[m[K,
[2.583s]                  from [01m[K/opt/ros/foxy/include/rclcpp/memory_strategy.hpp:24[m[K,
[2.583s]                  from [01m[K/opt/ros/foxy/include/rclcpp/memory_strategies.hpp:18[m[K,
[2.583s]                  from [01m[K/opt/ros/foxy/include/rclcpp/executor_options.hpp:20[m[K,
[2.583s]                  from [01m[K/opt/ros/foxy/include/rclcpp/executor.hpp:33[m[K,
[2.583s]                  from [01m[K/opt/ros/foxy/include/rclcpp/executors/multi_threaded_executor.hpp:26[m[K,
[2.583s]                  from [01m[K/opt/ros/foxy/include/rclcpp/executors.hpp:21[m[K,
[2.584s]                  from [01m[K/opt/ros/foxy/include/rclcpp/rclcpp.hpp:146[m[K,
[2.584s]                  from [01m[K/home/jj/tasktown_ws/src/village_task/src/task.cpp:2[m[K:
[2.584s] [01m[K/home/jj/tasktown_ws/src/village_task/src/task.cpp:[m[K In static member function â€˜[01m[Kstatic void TaskRequestNode::signal_handler(int)[m[Kâ€™:
[2.584s] [01m[K/home/jj/tasktown_ws/src/village_task/src/task.cpp:154:25:[m[K [01;31m[Kerror: [m[Kâ€˜[01m[Kthis[m[Kâ€™ is unavailable for static member functions
[2.584s]   154 |             RCLCPP_INFO([01;31m[Kthis[m[K->get_logger(), "æ¥æ”¶åˆ° Ctrl+Cï¼Œå‘é€ç»“æŸä¿¡å·");
[2.584s]       |                         [01;31m[K^~~~[m[K
[2.584s] [01m[K/home/jj/tasktown_ws/src/village_task/src/task.cpp:154:25:[m[K [01;31m[Kerror: [m[Kâ€˜[01m[Kthis[m[Kâ€™ is unavailable for static member functions
[2.584s] [01m[K/home/jj/tasktown_ws/src/village_task/src/task.cpp:154:13:[m[K [01;31m[Kerror: [m[Ktemplate argument 1 is invalid
[2.584s]   154 |             [01;31m[KRCLCPP_INFO[m[K(this->get_logger(), "æ¥æ”¶åˆ° Ctrl+Cï¼Œå‘é€ç»“æŸä¿¡å·");
[2.584s]       |             [01;31m[K^~~~~~~~~~~[m[K
[2.588s] [01m[K/home/jj/tasktown_ws/src/village_task/src/task.cpp:154:13:[m[K [01;31m[Kerror: [m[Ktemplate argument 1 is invalid
[2.588s]   154 |             [01;31m[KRCLCPP_INFO[m[K(this->get_logger(), "æ¥æ”¶åˆ° Ctrl+Cï¼Œå‘é€ç»“æŸä¿¡å·");
[2.588s]       |             [01;31m[K^~~~~~~~~~~[m[K
[2.588s] [01m[K/home/jj/tasktown_ws/src/village_task/src/task.cpp:154:13:[m[K [01;31m[Kerror: [m[Ktemplate argument 1 is invalid
[2.588s]   154 |             [01;31m[KRCLCPP_INFO[m[K(this->get_logger(), "æ¥æ”¶åˆ° Ctrl+Cï¼Œå‘é€ç»“æŸä¿¡å·");
[2.588s]       |             [01;31m[K^~~~~~~~~~~[m[K
[2.588s] In file included from [01m[K/opt/ros/foxy/include/rclcpp/client.hpp:40[m[K,
[2.588s]                  from [01m[K/opt/ros/foxy/include/rclcpp/callback_group.hpp:23[m[K,
[2.588s]                  from [01m[K/opt/ros/foxy/include/rclcpp/any_executable.hpp:20[m[K,
[2.588s]                  from [01m[K/opt/ros/foxy/include/rclcpp/memory_strategy.hpp:24[m[K,
[2.588s]                  from [01m[K/opt/ros/foxy/include/rclcpp/memory_strategies.hpp:18[m[K,
[2.588s]                  from [01m[K/opt/ros/foxy/include/rclcpp/executor_options.hpp:20[m[K,
[2.589s]                  from [01m[K/opt/ros/foxy/include/rclcpp/executor.hpp:33[m[K,
[2.589s]                  from [01m[K/opt/ros/foxy/include/rclcpp/executors/multi_threaded_executor.hpp:26[m[K,
[2.589s]                  from [01m[K/opt/ros/foxy/include/rclcpp/executors.hpp:21[m[K,
[2.589s]                  from [01m[K/opt/ros/foxy/include/rclcpp/rclcpp.hpp:146[m[K,
[2.589s]                  from [01m[K/home/jj/tasktown_ws/src/village_task/src/task.cpp:2[m[K:
[2.589s] [01m[K/home/jj/tasktown_ws/src/village_task/src/task.cpp:154:25:[m[K [01;31m[Kerror: [m[Kâ€˜[01m[Kthis[m[Kâ€™ is unavailable for static member functions
[2.589s]   154 |             RCLCPP_INFO([01;31m[Kthis[m[K->get_logger(), "æ¥æ”¶åˆ° Ctrl+Cï¼Œå‘é€ç»“æŸä¿¡å·");
[2.589s]       |                         [01;31m[K^~~~[m[K
[2.589s] [01m[K/home/jj/tasktown_ws/src/village_task/src/task.cpp:154:25:[m[K [01;31m[Kerror: [m[Kâ€˜[01m[Kthis[m[Kâ€™ is unavailable for static member functions
[2.589s]   154 |             RCLCPP_INFO([01;31m[Kthis[m[K->get_logger(), "æ¥æ”¶åˆ° Ctrl+Cï¼Œå‘é€ç»“æŸä¿¡å·");
[2.589s]       |                         [01;31m[K^~~~[m[K
[3.594s] make[2]: *** [CMakeFiles/task_node.dir/build.make:63ï¼šCMakeFiles/task_node.dir/src/task.cpp.o] é”™è¯¯ 1
[3.595s] make[1]: *** [CMakeFiles/Makefile2:78ï¼šCMakeFiles/task_node.dir/all] é”™è¯¯ 2
[3.595s] make: *** [Makefile:141ï¼šall] é”™è¯¯ 2
[3.599s] Invoked command in '/home/jj/tasktown_ws/build/village_task' returned '2': CMAKE_PREFIX_PATH=/home/jj/tasktown_ws/install/village_interfaces:/home/jj/tasktown_ws/install/village_taskgroups:/home/jj/tasktown_ws/install/village_task:/home/jj/tasktown_ws/install/village_operator:/opt/ros/foxy /usr/bin/cmake --build /home/jj/tasktown_ws/build/village_task -- -j2 -l2
