[0.052s] Invoking command in '/home/jj/tasktown_ws/build/village_task': CMAKE_PREFIX_PATH=/home/jj/tasktown_ws/install/village_interfaces:/home/jj/tasktown_ws/install/village_taskgroups:/home/jj/tasktown_ws/install/village_task:/home/jj/tasktown_ws/install/village_operator:/opt/ros/foxy /usr/bin/cmake --build /home/jj/tasktown_ws/build/village_task -- -j4 -l4
[0.205s] [35m[1mScanning dependencies of target task_node[0m
[0.290s] [ 50%] [32mBuilding CXX object CMakeFiles/task_node.dir/src/task.cpp.o[0m
[2.414s] [01m[K/home/jj/tasktown_ws/src/village_task/src/task.cpp:219:36:[m[K [01;31m[Kerror: [m[KISO C++ forbids declaration of â€˜[01m[Kprint_accumulated_tasks_matrix[m[Kâ€™ with no type [[01;31m[K-fpermissive[m[K]
[2.414s]   219 |     print_accumulated_tasks_matrix([01;31m[K)[m[K{
[2.414s]       |                                    [01;31m[K^[m[K
[2.473s] [01m[K/home/jj/tasktown_ws/src/village_task/src/task.cpp:[m[K In member function â€˜[01m[Kint TaskRequestNode::print_accumulated_tasks_matrix()[m[Kâ€™:
[2.474s] [01m[K/home/jj/tasktown_ws/src/village_task/src/task.cpp:229:5:[m[K [01;35m[Kwarning: [m[Kno return statement in function returning non-void [[01;35m[K-Wreturn-type[m[K]
[2.474s]   229 |     [01;35m[K}[m[K
[2.474s]       |     [01;35m[K^[m[K
[2.474s] [01m[K/home/jj/tasktown_ws/src/village_task/src/task.cpp:[m[K In static member function â€˜[01m[Kstatic void TaskRequestNode::signal_handler(int)[m[Kâ€™:
[2.475s] [01m[K/home/jj/tasktown_ws/src/village_task/src/task.cpp:232:69:[m[K [01;31m[Kerror: [m[Kno matching function for call to â€˜[01m[KTaskRequestNode::TaskRequestNode(const char [7])[m[Kâ€™
[2.475s]   232 |             TaskRequestNode *instance = new TaskRequestNode("signal"[01;31m[K)[m[K;
[2.475s]       |                                                                     [01;31m[K^[m[K
[2.475s] [01m[K/home/jj/tasktown_ws/src/village_task/src/task.cpp:29:5:[m[K [01;36m[Knote: [m[Kcandidate: â€˜[01m[KTaskRequestNode::TaskRequestNode(const string&, int)[m[Kâ€™
[2.475s]    29 |     [01;36m[KTaskRequestNode[m[K(const std::string &name,int time_window_probability) : Node(name), is_first_request(true), time_window_probability_(time_window_probability){
[2.475s]       |     [01;36m[K^~~~~~~~~~~~~~~[m[K
[2.475s] [01m[K/home/jj/tasktown_ws/src/village_task/src/task.cpp:29:5:[m[K [01;36m[Knote: [m[K  candidate expects 2 arguments, 1 provided
[4.614s] make[2]: *** [CMakeFiles/task_node.dir/build.make:63ï¼šCMakeFiles/task_node.dir/src/task.cpp.o] é”™è¯¯ 1
[4.615s] make[1]: *** [CMakeFiles/Makefile2:78ï¼šCMakeFiles/task_node.dir/all] é”™è¯¯ 2
[4.615s] make: *** [Makefile:141ï¼šall] é”™è¯¯ 2
[4.615s] Invoked command in '/home/jj/tasktown_ws/build/village_task' returned '2': CMAKE_PREFIX_PATH=/home/jj/tasktown_ws/install/village_interfaces:/home/jj/tasktown_ws/install/village_taskgroups:/home/jj/tasktown_ws/install/village_task:/home/jj/tasktown_ws/install/village_operator:/opt/ros/foxy /usr/bin/cmake --build /home/jj/tasktown_ws/build/village_task -- -j4 -l4
