[0.014s] Invoking command in '/home/jj/tasktown_ws/build/village_task': CMAKE_PREFIX_PATH=/home/jj/tasktown_ws/install/village_interfaces:/home/jj/tasktown_ws/install/village_taskgroups:/home/jj/tasktown_ws/install/village_task:/home/jj/tasktown_ws/install/village_operator:/opt/ros/foxy /usr/bin/cmake --build /home/jj/tasktown_ws/build/village_task -- -j2 -l2
[0.076s] [35m[1mScanning dependencies of target task_node[0m
[0.124s] [ 50%] [32mBuilding CXX object CMakeFiles/task_node.dir/src/task.cpp.o[0m
[2.501s] [01m[K/home/jj/tasktown_ws/src/village_task/src/task.cpp:[m[K In member function â€˜[01m[Kvoid TaskRequestNode::send_start_signal()[m[Kâ€™:
[2.501s] [01m[K/home/jj/tasktown_ws/src/village_task/src/task.cpp:50:9:[m[K [01;31m[Kerror: [m[Kâ€˜[01m[Ks_node[m[Kâ€™ was not declared in this scope
[2.501s]    50 |         [01;31m[Ks_node[m[K->set_parameter("start_signal", true);
[2.501s]       |         [01;31m[K^~~~~~[m[K
[2.505s] [01m[K/home/jj/tasktown_ws/src/village_task/src/task.cpp:[m[K In member function â€˜[01m[Kvoid TaskRequestNode::send_stop_signal()[m[Kâ€™:
[2.505s] [01m[K/home/jj/tasktown_ws/src/village_task/src/task.cpp:55:9:[m[K [01;31m[Kerror: [m[Kâ€˜[01m[Ks_node[m[Kâ€™ was not declared in this scope
[2.505s]    55 |         [01;31m[Ks_node[m[K->set_parameter("stop_signal", false);
[2.505s]       |         [01;31m[K^~~~~~[m[K
[2.531s] [01m[K/home/jj/tasktown_ws/src/village_task/src/task.cpp:[m[K In static member function â€˜[01m[Kstatic void TaskRequestNode::signal_handler(int)[m[Kâ€™:
[2.531s] [01m[K/home/jj/tasktown_ws/src/village_task/src/task.cpp:148:30:[m[K [01;31m[Kerror: [m[Kcannot call member function â€˜[01m[Kvoid TaskRequestNode::send_stop_signal()[m[Kâ€™ without object
[2.531s]   148 |             send_stop_signal([01;31m[K)[m[K;
[2.531s]       |                              [01;31m[K^[m[K
[3.806s] make[2]: *** [CMakeFiles/task_node.dir/build.make:63ï¼šCMakeFiles/task_node.dir/src/task.cpp.o] é”™è¯¯ 1
[3.806s] make[1]: *** [CMakeFiles/Makefile2:78ï¼šCMakeFiles/task_node.dir/all] é”™è¯¯ 2
[3.806s] make: *** [Makefile:141ï¼šall] é”™è¯¯ 2
[3.808s] Invoked command in '/home/jj/tasktown_ws/build/village_task' returned '2': CMAKE_PREFIX_PATH=/home/jj/tasktown_ws/install/village_interfaces:/home/jj/tasktown_ws/install/village_taskgroups:/home/jj/tasktown_ws/install/village_task:/home/jj/tasktown_ws/install/village_operator:/opt/ros/foxy /usr/bin/cmake --build /home/jj/tasktown_ws/build/village_task -- -j2 -l2
