[0.043s] Invoking command in '/home/jj/tasktown_ws/build/village_operator': CMAKE_PREFIX_PATH=/home/jj/tasktown_ws/install/village_interfaces:/home/jj/tasktown_ws/install/village_taskgroups:/home/jj/tasktown_ws/install/village_task:/home/jj/tasktown_ws/install/village_operator:/opt/ros/foxy /usr/bin/cmake --build /home/jj/tasktown_ws/build/village_operator -- -j2 -l2
[0.118s] -- Found ament_cmake: 0.9.12 (/opt/ros/foxy/share/ament_cmake/cmake)
[0.168s] -- Using PYTHON_EXECUTABLE: /usr/bin/python3
[0.456s] -- Override CMake install command with custom implementation using symlinks instead of copying resources
[0.480s] -- Found rclcpp: 2.4.3 (/opt/ros/foxy/share/rclcpp/cmake)
[0.554s] -- Using all available rosidl_typesupport_c: rosidl_typesupport_fastrtps_c;rosidl_typesupport_introspection_c
[0.554s] -- Found rosidl_adapter: 1.3.1 (/opt/ros/foxy/share/rosidl_adapter/cmake)
[0.787s] -- Using all available rosidl_typesupport_cpp: rosidl_typesupport_fastrtps_cpp;rosidl_typesupport_introspection_cpp
[0.882s] -- Found rmw_implementation_cmake: 1.0.4 (/opt/ros/foxy/share/rmw_implementation_cmake/cmake)
[0.888s] -- Using RMW implementation 'rmw_fastrtps_cpp' as default
[1.142s] -- Found village_interfaces: 0.0.0 (/home/jj/tasktown_ws/install/village_interfaces/share/village_interfaces/cmake)
[1.423s] -- Found ament_lint_auto: 0.9.8 (/opt/ros/foxy/share/ament_lint_auto/cmake)
[1.509s] -- Added test 'cppcheck' to perform static code analysis on C / C++ code
[1.509s] -- Configured cppcheck include dirs: 
[1.510s] -- Configured cppcheck exclude dirs and/or files: 
[1.511s] -- Added test 'lint_cmake' to check CMake code style
[1.512s] -- Added test 'uncrustify' to check C / C++ code style
[1.512s] -- Configured uncrustify additional arguments: 
[1.513s] -- Added test 'xmllint' to check XML markup files
[1.518s] -- Configuring done
[1.546s] -- Generating done
[1.546s] -- Build files have been written to: /home/jj/tasktown_ws/build/village_operator
[1.592s] [35m[1mScanning dependencies of target operator_node[0m
[1.644s] [ 50%] [32mBuilding CXX object CMakeFiles/operator_node.dir/src/operator.cpp.o[0m
[4.274s] [01m[K/home/jj/tasktown_ws/src/village_operator/src/operator.cpp:521:29:[m[K [01;31m[Kerror: [m[Kâ€˜[01m[KParameterEventHandler[m[Kâ€™ is not a member of â€˜[01m[Krclcpp[m[Kâ€™; did you mean â€˜[01m[KParameterEventsQoS[m[Kâ€™?
[4.274s]   521 |     std::shared_ptr<rclcpp::[01;31m[KParameterEventHandler[m[K> param_subscriber_;
[4.274s]       |                             [01;31m[K^~~~~~~~~~~~~~~~~~~~~[m[K
[4.274s]       |                             [32m[KParameterEventsQoS[m[K
[4.274s] [01m[K/home/jj/tasktown_ws/src/village_operator/src/operator.cpp:521:50:[m[K [01;31m[Kerror: [m[Ktemplate argument 1 is invalid
[4.274s]   521 |     std::shared_ptr<rclcpp::ParameterEventHandler[01;31m[K>[m[K param_subscriber_;
[4.274s]       |                                                  [01;31m[K^[m[K
[4.289s] [01m[K/home/jj/tasktown_ws/src/village_operator/src/operator.cpp:[m[K In constructor â€˜[01m[KTaskAssignServer::TaskAssignServer(const string&)[m[Kâ€™:
[4.289s] [01m[K/home/jj/tasktown_ws/src/village_operator/src/operator.cpp:527:27:[m[K [01;35m[Kwarning: [m[Kâ€˜[01m[KTaskAssignServer::manager[m[Kâ€™ will be initialized after [[01;35m[K-Wreorder[m[K]
[4.289s]   527 |     TaskAssignmentManager [01;35m[Kmanager[m[K; // ç®¡ç†ä»»åŠ¡åˆ†é…çŸ©é˜µ
[4.289s]       |                           [01;35m[K^~~~~~~[m[K
[4.289s] [01m[K/home/jj/tasktown_ws/src/village_operator/src/operator.cpp:520:10:[m[K [01;35m[Kwarning: [m[K  â€˜[01m[Kbool TaskAssignServer::is_first[m[Kâ€™ [[01;35m[K-Wreorder[m[K]
[4.289s]   520 |     bool [01;35m[Kis_first[m[K;
[4.289s]       |          [01;35m[K^~~~~~~~[m[K
[4.289s] [01m[K/home/jj/tasktown_ws/src/village_operator/src/operator.cpp:486:5:[m[K [01;35m[Kwarning: [m[K  when initialized here [[01;35m[K-Wreorder[m[K]
[4.289s]   486 |     [01;35m[KTaskAssignServer[m[K(const std::string &name) : Node(name), manager(),is_first(true)
[4.289s]       |     [01;35m[K^~~~~~~~~~~~~~~~[m[K
[4.300s] [01m[K/home/jj/tasktown_ws/src/village_operator/src/operator.cpp:489:9:[m[K [01;31m[Kerror: [m[Kâ€˜[01m[Ktimer_[m[Kâ€™ was not declared in this scope; did you mean â€˜[01m[Ktimer_t[m[Kâ€™?
[4.300s]   489 |         [01;31m[Ktimer_[m[K = this->create_wall_timer(
[4.300s]       |         [01;31m[K^~~~~~[m[K
[4.300s]       |         [32m[Ktimer_t[m[K
[4.301s] [01m[K/home/jj/tasktown_ws/src/village_operator/src/operator.cpp:490:32:[m[K [01;31m[Kerror: [m[Kâ€˜[01m[KMinimalParam[m[Kâ€™ has not been declared
[4.301s]   490 |             1000ms, std::bind(&[01;31m[KMinimalParam[m[K::timer_callback, this));
[4.301s]       |                                [01;31m[K^~~~~~~~~~~~[m[K
[5.693s] make[2]: *** [CMakeFiles/operator_node.dir/build.make:63ï¼šCMakeFiles/operator_node.dir/src/operator.cpp.o] é”™è¯¯ 1
[5.693s] make[1]: *** [CMakeFiles/Makefile2:78ï¼šCMakeFiles/operator_node.dir/all] é”™è¯¯ 2
[5.693s] make: *** [Makefile:141ï¼šall] é”™è¯¯ 2
[5.694s] Invoked command in '/home/jj/tasktown_ws/build/village_operator' returned '2': CMAKE_PREFIX_PATH=/home/jj/tasktown_ws/install/village_interfaces:/home/jj/tasktown_ws/install/village_taskgroups:/home/jj/tasktown_ws/install/village_task:/home/jj/tasktown_ws/install/village_operator:/opt/ros/foxy /usr/bin/cmake --build /home/jj/tasktown_ws/build/village_operator -- -j2 -l2
