[01m[K/home/jj/tasktown_ws/src/village_operator/src/operator.cpp:[m[K In member function ‘[01m[Kvoid TaskAssignServer::assignTasks(std::shared_ptr<village_interfaces::srv::TaskAssign_Response_<std::allocator<void> > >)[m[K’:
[01m[K/home/jj/tasktown_ws/src/village_operator/src/operator.cpp:596:14:[m[K [01;35m[Kwarning: [m[Kunused variable ‘[01m[KallTasksAssigned[m[K’ [[01;35m[K-Wunused-variable[m[K]
  596 |         bool [01;35m[KallTasksAssigned[m[K = true; // 初始化allTasksAssigned=true，跟踪并标记是否所有任务都已经分配
      |              [01;35m[K^~~~~~~~~~~~~~~~[m[K
[01m[K/home/jj/tasktown_ws/src/village_operator/src/operator.cpp:[m[K At global scope:
[01m[K/home/jj/tasktown_ws/src/village_operator/src/operator.cpp:1030:1:[m[K [01;31m[Kerror: [m[Kexpected identifier before ‘[01m[K)[m[K’ token
 1030 | [01;31m[K)[m[K
      | [01;31m[K^[m[K
[01m[K/home/jj/tasktown_ws/src/village_operator/src/operator.cpp:[m[K In function ‘[01m[Kvoid Show_result(std::vector<std::pair<std::vector<int>, std::vector<std::chrono::time_point<std::chrono::_V2::system_clock, std::chrono::duration<long int, std::ratio<1, 1000000000> > > > > >, std::vector<int>, std::vector<std::vector<int> >, std::vector<std::vector<int> >, int)[m[K’:
[01m[K/home/jj/tasktown_ws/src/village_operator/src/operator.cpp:1035:5:[m[K [01;31m[Kerror: [m[K‘[01m[Kprint_task_assignment_matrix[m[K’ was not declared in this scope; did you mean ‘[01m[Kprint_task_assignment[m[K’?
 1035 |     [01;31m[Kprint_task_assignment_matrix[m[K(task_assign_matrix);
      |     [01;31m[K^~~~~~~~~~~~~~~~~~~~~~~~~~~~[m[K
      |     [32m[Kprint_task_assignment[m[K
[01m[K/home/jj/tasktown_ws/src/village_operator/src/operator.cpp:1036:29:[m[K [01;31m[Kerror: [m[Kinvalid initialization of reference of type ‘[01m[Kconst std::vector<std::vector<double, std::allocator<double> > >&[m[K’ from expression of type ‘[01m[Kstd::vector<std::vector<int> >[m[K’
 1036 |     print_task_value_matrix([01;31m[Ktask_value_matrix[m[K);
      |                             [01;31m[K^~~~~~~~~~~~~~~~~[m[K
[01m[K/home/jj/tasktown_ws/src/village_operator/src/operator.cpp:938:70:[m[K [01;36m[Knote: [m[Kin passing argument 1 of ‘[01m[Kvoid print_task_value_matrix(const std::vector<std::vector<double, std::allocator<double> > >&)[m[K’
  938 | void print_task_value_matrix([01;36m[Kconst std::vector<std::vector<double>> &task_value_matrix[m[K)
      |                              [01;36m[K~~~~~~~~~~~~~~~~~~~~~~~~~~~~~~~~~~~~~~~~^~~~~~~~~~~~~~~~~[m[K
[01m[K/home/jj/tasktown_ws/src/village_operator/src/operator.cpp:[m[K At global scope:
[01m[K/home/jj/tasktown_ws/src/village_operator/src/operator.cpp:506:13:[m[K [01;35m[Kwarning: [m[K‘[01m[Kvoid Show_result(std::vector<std::pair<std::vector<int>, std::vector<std::chrono::time_point<std::chrono::_V2::system_clock, std::chrono::duration<long int, std::ratio<1, 1000000000> > > > > >)[m[K’ declared ‘[01m[Kstatic[m[K’ but never defined [[01;35m[K-Wunused-function[m[K]
  506 | static void [01;35m[KShow_result[m[K(
      |             [01;35m[K^~~~~~~~~~~[m[K
[01m[K/home/jj/tasktown_ws/src/village_operator/src/operator.cpp:506:13:[m[K [01;35m[Kwarning: [m[K‘[01m[Kvoid Show_result(std::vector<std::pair<std::vector<int>, std::vector<std::chrono::time_point<std::chrono::_V2::system_clock, std::chrono::duration<long int, std::ratio<1, 1000000000> > > > > >)[m[K’ used but never defined
[01m[K/home/jj/tasktown_ws/src/village_operator/src/operator.cpp:1025:13:[m[K [01;35m[Kwarning: [m[K‘[01m[Kvoid Show_result(std::vector<std::pair<std::vector<int>, std::vector<std::chrono::time_point<std::chrono::_V2::system_clock, std::chrono::duration<long int, std::ratio<1, 1000000000> > > > > >, std::vector<int>, std::vector<std::vector<int> >, std::vector<std::vector<int> >, int)[m[K’ defined but not used [[01;35m[K-Wunused-function[m[K]
 1025 | static void [01;35m[KShow_result[m[K(
      |             [01;35m[K^~~~~~~~~~~[m[K
make[2]: *** [CMakeFiles/operator_node.dir/build.make:63：CMakeFiles/operator_node.dir/src/operator.cpp.o] 错误 1
make[1]: *** [CMakeFiles/Makefile2:78：CMakeFiles/operator_node.dir/all] 错误 2
make: *** [Makefile:141：all] 错误 2
