[0.039s] Invoking command in '/home/jj/tasktown_ws/build/village_operator': CMAKE_PREFIX_PATH=/home/jj/tasktown_ws/install/village_interfaces:/home/jj/tasktown_ws/install/village_taskgroups:/home/jj/tasktown_ws/install/village_task:/home/jj/tasktown_ws/install/village_operator:/opt/ros/foxy /usr/bin/cmake --build /home/jj/tasktown_ws/build/village_operator -- -j4 -l4
[0.144s] [35m[1mScanning dependencies of target operator_node[0m
[0.196s] [ 50%] [32mBuilding CXX object CMakeFiles/operator_node.dir/src/operator.cpp.o[0m
[2.472s] [01m[K/home/jj/tasktown_ws/src/village_operator/src/operator.cpp:[m[K In member function ‘[01m[Kvoid TaskAssignServer::assignTasks(std::shared_ptr<village_interfaces::srv::TaskAssign_Response_<std::allocator<void> > >)[m[K’:
[2.472s] [01m[K/home/jj/tasktown_ws/src/village_operator/src/operator.cpp:596:14:[m[K [01;35m[Kwarning: [m[Kunused variable ‘[01m[KallTasksAssigned[m[K’ [[01;35m[K-Wunused-variable[m[K]
[2.472s]   596 |         bool [01;35m[KallTasksAssigned[m[K = true; // 初始化allTasksAssigned=true，跟踪并标记是否所有任务都已经分配
[2.472s]       |              [01;35m[K^~~~~~~~~~~~~~~~[m[K
[2.485s] [01m[K/home/jj/tasktown_ws/src/village_operator/src/operator.cpp:[m[K At global scope:
[2.485s] [01m[K/home/jj/tasktown_ws/src/village_operator/src/operator.cpp:1030:1:[m[K [01;31m[Kerror: [m[Kexpected identifier before ‘[01m[K)[m[K’ token
[2.485s]  1030 | [01;31m[K)[m[K
[2.485s]       | [01;31m[K^[m[K
[2.492s] [01m[K/home/jj/tasktown_ws/src/village_operator/src/operator.cpp:[m[K In function ‘[01m[Kvoid Show_result(std::vector<std::pair<std::vector<int>, std::vector<std::chrono::time_point<std::chrono::_V2::system_clock, std::chrono::duration<long int, std::ratio<1, 1000000000> > > > > >, std::vector<int>, std::vector<std::vector<int> >, std::vector<std::vector<int> >, int)[m[K’:
[2.492s] [01m[K/home/jj/tasktown_ws/src/village_operator/src/operator.cpp:1035:5:[m[K [01;31m[Kerror: [m[K‘[01m[Kprint_task_assignment_matrix[m[K’ was not declared in this scope; did you mean ‘[01m[Kprint_task_assignment[m[K’?
[2.492s]  1035 |     [01;31m[Kprint_task_assignment_matrix[m[K(task_assign_matrix);
[2.492s]       |     [01;31m[K^~~~~~~~~~~~~~~~~~~~~~~~~~~~[m[K
[2.492s]       |     [32m[Kprint_task_assignment[m[K
[2.492s] [01m[K/home/jj/tasktown_ws/src/village_operator/src/operator.cpp:1036:29:[m[K [01;31m[Kerror: [m[Kinvalid initialization of reference of type ‘[01m[Kconst std::vector<std::vector<double, std::allocator<double> > >&[m[K’ from expression of type ‘[01m[Kstd::vector<std::vector<int> >[m[K’
[2.492s]  1036 |     print_task_value_matrix([01;31m[Ktask_value_matrix[m[K);
[2.492s]       |                             [01;31m[K^~~~~~~~~~~~~~~~~[m[K
[2.492s] [01m[K/home/jj/tasktown_ws/src/village_operator/src/operator.cpp:938:70:[m[K [01;36m[Knote: [m[Kin passing argument 1 of ‘[01m[Kvoid print_task_value_matrix(const std::vector<std::vector<double, std::allocator<double> > >&)[m[K’
[2.492s]   938 | void print_task_value_matrix([01;36m[Kconst std::vector<std::vector<double>> &task_value_matrix[m[K)
[2.492s]       |                              [01;36m[K~~~~~~~~~~~~~~~~~~~~~~~~~~~~~~~~~~~~~~~~^~~~~~~~~~~~~~~~~[m[K
[3.263s] [01m[K/home/jj/tasktown_ws/src/village_operator/src/operator.cpp:[m[K At global scope:
[3.263s] [01m[K/home/jj/tasktown_ws/src/village_operator/src/operator.cpp:506:13:[m[K [01;35m[Kwarning: [m[K‘[01m[Kvoid Show_result(std::vector<std::pair<std::vector<int>, std::vector<std::chrono::time_point<std::chrono::_V2::system_clock, std::chrono::duration<long int, std::ratio<1, 1000000000> > > > > >)[m[K’ declared ‘[01m[Kstatic[m[K’ but never defined [[01;35m[K-Wunused-function[m[K]
[3.263s]   506 | static void [01;35m[KShow_result[m[K(
[3.263s]       |             [01;35m[K^~~~~~~~~~~[m[K
[3.535s] [01m[K/home/jj/tasktown_ws/src/village_operator/src/operator.cpp:506:13:[m[K [01;35m[Kwarning: [m[K‘[01m[Kvoid Show_result(std::vector<std::pair<std::vector<int>, std::vector<std::chrono::time_point<std::chrono::_V2::system_clock, std::chrono::duration<long int, std::ratio<1, 1000000000> > > > > >)[m[K’ used but never defined
[3.537s] [01m[K/home/jj/tasktown_ws/src/village_operator/src/operator.cpp:1025:13:[m[K [01;35m[Kwarning: [m[K‘[01m[Kvoid Show_result(std::vector<std::pair<std::vector<int>, std::vector<std::chrono::time_point<std::chrono::_V2::system_clock, std::chrono::duration<long int, std::ratio<1, 1000000000> > > > > >, std::vector<int>, std::vector<std::vector<int> >, std::vector<std::vector<int> >, int)[m[K’ defined but not used [[01;35m[K-Wunused-function[m[K]
[3.537s]  1025 | static void [01;35m[KShow_result[m[K(
[3.537s]       |             [01;35m[K^~~~~~~~~~~[m[K
[3.578s] make[2]: *** [CMakeFiles/operator_node.dir/build.make:63：CMakeFiles/operator_node.dir/src/operator.cpp.o] 错误 1
[3.578s] make[1]: *** [CMakeFiles/Makefile2:78：CMakeFiles/operator_node.dir/all] 错误 2
[3.579s] make: *** [Makefile:141：all] 错误 2
[3.581s] Invoked command in '/home/jj/tasktown_ws/build/village_operator' returned '2': CMAKE_PREFIX_PATH=/home/jj/tasktown_ws/install/village_interfaces:/home/jj/tasktown_ws/install/village_taskgroups:/home/jj/tasktown_ws/install/village_task:/home/jj/tasktown_ws/install/village_operator:/opt/ros/foxy /usr/bin/cmake --build /home/jj/tasktown_ws/build/village_operator -- -j4 -l4
