-- Found ament_cmake: 0.9.12 (/opt/ros/foxy/share/ament_cmake/cmake)
-- Using PYTHON_EXECUTABLE: /usr/bin/python3
-- Override CMake install command with custom implementation using symlinks instead of copying resources
-- Found rclcpp: 2.4.3 (/opt/ros/foxy/share/rclcpp/cmake)
-- Using all available rosidl_typesupport_c: rosidl_typesupport_fastrtps_c;rosidl_typesupport_introspection_c
-- Found rosidl_adapter: 1.3.1 (/opt/ros/foxy/share/rosidl_adapter/cmake)
-- Using all available rosidl_typesupport_cpp: rosidl_typesupport_fastrtps_cpp;rosidl_typesupport_introspection_cpp
-- Found rmw_implementation_cmake: 1.0.4 (/opt/ros/foxy/share/rmw_implementation_cmake/cmake)
-- Using RMW implementation 'rmw_fastrtps_cpp' as default
-- Found village_interfaces: 0.0.0 (/home/jj/tasktown_ws/install/village_interfaces/share/village_interfaces/cmake)
-- Found ament_lint_auto: 0.9.8 (/opt/ros/foxy/share/ament_lint_auto/cmake)
-- Added test 'cppcheck' to perform static code analysis on C / C++ code
-- Configured cppcheck include dirs: 
-- Configured cppcheck exclude dirs and/or files: 
-- Added test 'lint_cmake' to check CMake code style
-- Added test 'uncrustify' to check C / C++ code style
-- Configured uncrustify additional arguments: 
-- Added test 'xmllint' to check XML markup files
-- Configuring done
-- Generating done
-- Build files have been written to: /home/jj/tasktown_ws/build/village_operator
[ 50%] [32mBuilding CXX object CMakeFiles/operator_node.dir/src/operator.cpp.o[0m
[01m[K/home/jj/tasktown_ws/src/village_operator/src/operator.cpp:[m[K In member function â€˜[01m[Kvoid TaskAssignmentManager::assignTask(int, int, int, double, int, double)[m[Kâ€™:
[01m[K/home/jj/tasktown_ws/src/village_operator/src/operator.cpp:282:111:[m[K [01;35m[Kwarning: [m[Kunused parameter â€˜[01m[Ktime_interval[m[Kâ€™ [[01;35m[K-Wunused-parameter[m[K]
  282 | t operatorIndex, int taskIndex, int taskTime, double successRate, int taskValue, [01;35m[Kdouble time_interval[m[K)
      |                                                                                  [01;35m[K~~~~~~~^~~~~~~~~~~~~[m[K

[01m[K/home/jj/tasktown_ws/src/village_operator/src/operator.cpp:[m[K In constructor â€˜[01m[KTaskAssignServer::TaskAssignServer(const string&)[m[Kâ€™:
[01m[K/home/jj/tasktown_ws/src/village_operator/src/operator.cpp:542:9:[m[K [01;31m[Kerror: [m[Kâ€˜[01m[Ktask_status_publisher[m[Kâ€™ was not declared in this scope
  542 |         [01;31m[Ktask_status_publisher[m[K = this->create_publisher<std_msgs::msg::Int32>("task_status", 10);
      |         [01;31m[K^~~~~~~~~~~~~~~~~~~~~[m[K
[01m[K/home/jj/tasktown_ws/src/village_operator/src/operator.cpp:[m[K In member function â€˜[01m[Kvoid TaskAssignServer::assignTasks(std::shared_ptr<village_interfaces::srv::TaskAssign_Response_<std::allocator<void> > >)[m[Kâ€™:
[01m[K/home/jj/tasktown_ws/src/village_operator/src/operator.cpp:801:13:[m[K [01;31m[Kerror: [m[Kâ€˜[01m[Ktask_status_publisher[m[Kâ€™ was not declared in this scope
  801 |             [01;31m[Ktask_status_publisher[m[K->publish(msg);
      |             [01;31m[K^~~~~~~~~~~~~~~~~~~~~[m[K
make[2]: *** [CMakeFiles/operator_node.dir/build.make:63ï¼šCMakeFiles/operator_node.dir/src/operator.cpp.o] é”™è¯¯ 1
make[1]: *** [CMakeFiles/Makefile2:78ï¼šCMakeFiles/operator_node.dir/all] é”™è¯¯ 2
make: *** [Makefile:141ï¼šall] é”™è¯¯ 2
