[0.050s] Invoking command in '/home/jj/tasktown_ws/build/village_task': CMAKE_PREFIX_PATH=/home/jj/tasktown_ws/install/village_interfaces:/home/jj/tasktown_ws/install/village_taskgroups:/home/jj/tasktown_ws/install/village_task:/home/jj/tasktown_ws/install/village_operator:/opt/ros/foxy /usr/bin/cmake --build /home/jj/tasktown_ws/build/village_task -- -j4 -l4
[0.112s] [35m[1mScanning dependencies of target task_node[0m
[0.159s] [ 50%] [32mBuilding CXX object CMakeFiles/task_node.dir/src/task.cpp.o[0m
[1.920s] [01m[K/home/jj/tasktown_ws/src/village_task/src/task.cpp:218:36:[m[K [01;31m[Kerror: [m[KISO C++ forbids declaration of â€˜[01m[Kprint_accumulated_tasks_matrix[m[Kâ€™ with no type [[01;31m[K-fpermissive[m[K]
[1.921s]   218 |     print_accumulated_tasks_matrix([01;31m[K)[m[K{
[1.921s]       |                                    [01;31m[K^[m[K
[1.969s] [01m[K/home/jj/tasktown_ws/src/village_task/src/task.cpp:[m[K In member function â€˜[01m[Kint TaskRequestNode::print_accumulated_tasks_matrix()[m[Kâ€™:
[1.969s] [01m[K/home/jj/tasktown_ws/src/village_task/src/task.cpp:224:28:[m[K [01;31m[Kerror: [m[Kâ€˜[01m[Ksetw[m[Kâ€™ is not a member of â€˜[01m[Kstd[m[Kâ€™; did you mean â€˜[01m[Kset[m[Kâ€™?
[1.969s]   224 |                 ss << std::[01;31m[Ksetw[m[K(8) << accumulated_tasks[i][j] << "\t"; // æ¯ä¸ªä»»åŠ¡å€¼ä¹‹é—´ç”¨TABåˆ†éš”
[1.970s]       |                            [01;31m[K^~~~[m[K
[1.970s]       |                            [32m[Kset[m[K
[1.970s] [01m[K/home/jj/tasktown_ws/src/village_task/src/task.cpp:228:5:[m[K [01;35m[Kwarning: [m[Kno return statement in function returning non-void [[01;35m[K-Wreturn-type[m[K]
[1.970s]   228 |     [01;35m[K}[m[K
[1.970s]       |     [01;35m[K^[m[K
[1.970s] [01m[K/home/jj/tasktown_ws/src/village_task/src/task.cpp:[m[K In static member function â€˜[01m[Kstatic void TaskRequestNode::signal_handler(int)[m[Kâ€™:
[1.970s] [01m[K/home/jj/tasktown_ws/src/village_task/src/task.cpp:231:69:[m[K [01;31m[Kerror: [m[Kno matching function for call to â€˜[01m[KTaskRequestNode::TaskRequestNode(const char [7])[m[Kâ€™
[1.970s]   231 |             TaskRequestNode *instance = new TaskRequestNode("signal"[01;31m[K)[m[K;
[1.970s]       |                                                                     [01;31m[K^[m[K
[1.971s] [01m[K/home/jj/tasktown_ws/src/village_task/src/task.cpp:28:5:[m[K [01;36m[Knote: [m[Kcandidate: â€˜[01m[KTaskRequestNode::TaskRequestNode(const string&, int)[m[Kâ€™
[1.971s]    28 |     [01;36m[KTaskRequestNode[m[K(const std::string &name,int time_window_probability) : Node(name), is_first_request(true), time_window_probability_(time_window_probability){
[1.971s]       |     [01;36m[K^~~~~~~~~~~~~~~[m[K
[1.971s] [01m[K/home/jj/tasktown_ws/src/village_task/src/task.cpp:28:5:[m[K [01;36m[Knote: [m[K  candidate expects 2 arguments, 1 provided
[3.912s] make[2]: *** [CMakeFiles/task_node.dir/build.make:63ï¼šCMakeFiles/task_node.dir/src/task.cpp.o] é”™è¯¯ 1
[3.913s] make[1]: *** [CMakeFiles/Makefile2:78ï¼šCMakeFiles/task_node.dir/all] é”™è¯¯ 2
[3.914s] make: *** [Makefile:141ï¼šall] é”™è¯¯ 2
[3.920s] Invoked command in '/home/jj/tasktown_ws/build/village_task' returned '2': CMAKE_PREFIX_PATH=/home/jj/tasktown_ws/install/village_interfaces:/home/jj/tasktown_ws/install/village_taskgroups:/home/jj/tasktown_ws/install/village_task:/home/jj/tasktown_ws/install/village_operator:/opt/ros/foxy /usr/bin/cmake --build /home/jj/tasktown_ws/build/village_task -- -j4 -l4
