[0.043s] Invoking command in '/home/jj/tasktown_ws/build/village_operator': CMAKE_PREFIX_PATH=/home/jj/tasktown_ws/install/village_interfaces:/home/jj/tasktown_ws/install/village_taskgroups:/home/jj/tasktown_ws/install/village_task:/home/jj/tasktown_ws/install/village_operator:/opt/ros/foxy /usr/bin/cmake --build /home/jj/tasktown_ws/build/village_operator -- -j4 -l4
[0.140s] [35m[1mScanning dependencies of target operator_node[0m
[0.207s] [ 50%] [32mBuilding CXX object CMakeFiles/operator_node.dir/src/operator.cpp.o[0m
[2.688s] [01m[K/home/jj/tasktown_ws/src/village_operator/src/operator.cpp:[m[K In member function â€˜[01m[Kvoid TaskAssignmentManager::assignTask(int, int, int, double, int, double)[m[Kâ€™:
[2.688s] [01m[K/home/jj/tasktown_ws/src/village_operator/src/operator.cpp:282:111:[m[K [01;35m[Kwarning: [m[Kunused parameter â€˜[01m[Ktime_interval[m[Kâ€™ [[01;35m[K-Wunused-parameter[m[K]
[2.689s]   282 | t operatorIndex, int taskIndex, int taskTime, double successRate, int taskValue, [01;35m[Kdouble time_interval[m[K)
[2.689s]       |                                                                                  [01;35m[K~~~~~~~^~~~~~~~~~~~~[m[K
[2.689s] 
[2.800s] [01m[K/home/jj/tasktown_ws/src/village_operator/src/operator.cpp:[m[K In constructor â€˜[01m[KTaskAssignServer::TaskAssignServer(const string&)[m[Kâ€™:
[2.800s] [01m[K/home/jj/tasktown_ws/src/village_operator/src/operator.cpp:542:9:[m[K [01;31m[Kerror: [m[Kâ€˜[01m[Ktask_status_publisher[m[Kâ€™ was not declared in this scope
[2.800s]   542 |         [01;31m[Ktask_status_publisher[m[K = this->create_publisher<std_msgs::msg::Int32>("task_status", 10);
[2.800s]       |         [01;31m[K^~~~~~~~~~~~~~~~~~~~~[m[K
[2.821s] [01m[K/home/jj/tasktown_ws/src/village_operator/src/operator.cpp:[m[K In member function â€˜[01m[Kvoid TaskAssignServer::assignTasks(std::shared_ptr<village_interfaces::srv::TaskAssign_Response_<std::allocator<void> > >)[m[Kâ€™:
[2.821s] [01m[K/home/jj/tasktown_ws/src/village_operator/src/operator.cpp:801:13:[m[K [01;31m[Kerror: [m[Kâ€˜[01m[Ktask_status_publisher[m[Kâ€™ was not declared in this scope
[2.821s]   801 |             [01;31m[Ktask_status_publisher[m[K->publish(msg);
[2.822s]       |             [01;31m[K^~~~~~~~~~~~~~~~~~~~~[m[K
[4.227s] make[2]: *** [CMakeFiles/operator_node.dir/build.make:63ï¼šCMakeFiles/operator_node.dir/src/operator.cpp.o] é”™è¯¯ 1
[4.228s] make[1]: *** [CMakeFiles/Makefile2:78ï¼šCMakeFiles/operator_node.dir/all] é”™è¯¯ 2
[4.228s] make: *** [Makefile:141ï¼šall] é”™è¯¯ 2
[4.234s] Invoked command in '/home/jj/tasktown_ws/build/village_operator' returned '2': CMAKE_PREFIX_PATH=/home/jj/tasktown_ws/install/village_interfaces:/home/jj/tasktown_ws/install/village_taskgroups:/home/jj/tasktown_ws/install/village_task:/home/jj/tasktown_ws/install/village_operator:/opt/ros/foxy /usr/bin/cmake --build /home/jj/tasktown_ws/build/village_operator -- -j4 -l4
