[01m[K/home/jj/tasktown_ws/src/village_task/src/task.cpp:[m[K In static member function â€˜[01m[Kstatic void TaskRequestNode::signal_handler(int)[m[Kâ€™:
[01m[K/home/jj/tasktown_ws/src/village_task/src/task.cpp:150:30:[m[K [01;31m[Kerror: [m[Kcannot call member function â€˜[01m[Kvoid TaskRequestNode::send_stop_signal()[m[Kâ€™ without object
  150 |             send_stop_signal([01;31m[K)[m[K;
      |                              [01;31m[K^[m[K
make[2]: *** [CMakeFiles/task_node.dir/build.make:63ï¼šCMakeFiles/task_node.dir/src/task.cpp.o] é”™è¯¯ 1
make[1]: *** [CMakeFiles/Makefile2:78ï¼šCMakeFiles/task_node.dir/all] é”™è¯¯ 2
make: *** [Makefile:141ï¼šall] é”™è¯¯ 2
