[0.035s] Invoking command in '/home/jj/tasktown_ws/build/village_operator': CMAKE_PREFIX_PATH=/home/jj/tasktown_ws/install/village_interfaces:/home/jj/tasktown_ws/install/village_taskgroups:/home/jj/tasktown_ws/install/village_task:/home/jj/tasktown_ws/install/village_operator:/opt/ros/foxy /usr/bin/cmake --build /home/jj/tasktown_ws/build/village_operator -- -j4 -l4
[0.098s] [35m[1mScanning dependencies of target operator_node[0m
[0.148s] [ 50%] [32mBuilding CXX object CMakeFiles/operator_node.dir/src/operator.cpp.o[0m
[2.295s] [01m[K/home/jj/tasktown_ws/src/village_operator/src/operator.cpp:[m[K In member function ‘[01m[Kvoid TaskAssignServer::assignTasks(std::shared_ptr<village_interfaces::srv::TaskAssign_Response_<std::allocator<void> > >)[m[K’:
[2.295s] [01m[K/home/jj/tasktown_ws/src/village_operator/src/operator.cpp:596:14:[m[K [01;35m[Kwarning: [m[Kunused variable ‘[01m[KallTasksAssigned[m[K’ [[01;35m[K-Wunused-variable[m[K]
[2.296s]   596 |         bool [01;35m[KallTasksAssigned[m[K = true; // 初始化allTasksAssigned=true，跟踪并标记是否所有任务都已经分配
[2.296s]       |              [01;35m[K^~~~~~~~~~~~~~~~[m[K
[2.309s] [01m[K/home/jj/tasktown_ws/src/village_operator/src/operator.cpp:[m[K At global scope:
[2.309s] [01m[K/home/jj/tasktown_ws/src/village_operator/src/operator.cpp:1030:1:[m[K [01;31m[Kerror: [m[Kexpected identifier before ‘[01m[K)[m[K’ token
[2.309s]  1030 | [01;31m[K)[m[K
[2.310s]       | [01;31m[K^[m[K
[3.040s] [01m[K/home/jj/tasktown_ws/src/village_operator/src/operator.cpp:506:13:[m[K [01;35m[Kwarning: [m[K‘[01m[Kvoid Show_result(std::vector<std::pair<std::vector<int>, std::vector<std::chrono::time_point<std::chrono::_V2::system_clock, std::chrono::duration<long int, std::ratio<1, 1000000000> > > > > >)[m[K’ declared ‘[01m[Kstatic[m[K’ but never defined [[01;35m[K-Wunused-function[m[K]
[3.040s]   506 | static void [01;35m[KShow_result[m[K(
[3.041s]       |             [01;35m[K^~~~~~~~~~~[m[K
[3.286s] [01m[K/home/jj/tasktown_ws/src/village_operator/src/operator.cpp:506:13:[m[K [01;35m[Kwarning: [m[K‘[01m[Kvoid Show_result(std::vector<std::pair<std::vector<int>, std::vector<std::chrono::time_point<std::chrono::_V2::system_clock, std::chrono::duration<long int, std::ratio<1, 1000000000> > > > > >)[m[K’ used but never defined
[3.287s] [01m[K/home/jj/tasktown_ws/src/village_operator/src/operator.cpp:1025:13:[m[K [01;35m[Kwarning: [m[K‘[01m[Kvoid Show_result(std::vector<std::pair<std::vector<int>, std::vector<std::chrono::time_point<std::chrono::_V2::system_clock, std::chrono::duration<long int, std::ratio<1, 1000000000> > > > > >, std::vector<int>, std::vector<std::vector<int> >, std::vector<std::vector<int> >, int)[m[K’ defined but not used [[01;35m[K-Wunused-function[m[K]
[3.288s]  1025 | static void [01;35m[KShow_result[m[K(
[3.288s]       |             [01;35m[K^~~~~~~~~~~[m[K
[3.317s] make[2]: *** [CMakeFiles/operator_node.dir/build.make:63：CMakeFiles/operator_node.dir/src/operator.cpp.o] 错误 1
[3.318s] make[1]: *** [CMakeFiles/Makefile2:78：CMakeFiles/operator_node.dir/all] 错误 2
[3.318s] make: *** [Makefile:141：all] 错误 2
[3.323s] Invoked command in '/home/jj/tasktown_ws/build/village_operator' returned '2': CMAKE_PREFIX_PATH=/home/jj/tasktown_ws/install/village_interfaces:/home/jj/tasktown_ws/install/village_taskgroups:/home/jj/tasktown_ws/install/village_task:/home/jj/tasktown_ws/install/village_operator:/opt/ros/foxy /usr/bin/cmake --build /home/jj/tasktown_ws/build/village_operator -- -j4 -l4
